<?xml version="1.0" encoding="UTF-8"?>
<!-- Generated by org.testng.reporters.JUnitReportReporter -->
<testsuite hostname="e312c5e16e4552d" failures="0" tests="8" name="testcases.dispensary_testcase" time="41.186" errors="0" timestamp="2025-02-20T14:18:53 IST" skipped="0">
  <testcase classname="testcases.dispensary_testcase" name="verifyTitleOfTheHomePage" time="24.150"/>
  <testcase classname="testcases.dispensary_testcase" name="verifyDispensaryModuleIsPresentOrNot" time="0.136"/>
  <testcase classname="testcases.dispensary_testcase" name="verifyAllSubModulesArePresent" time="1.663"/>
  <testcase classname="testcases.dispensary_testcase" name="scrollToButtomAndVerifyTheFields" time="6.564"/>
  <testcase classname="testcases.dispensary_testcase" name="performTheKeyboardOperationToOpenThePopup" time="0.509"/>
  <testcase classname="testcases.dispensary_testcase" name="validateTheErrorMessageInFirstnameTextfield" time="5.348"/>
  <testcase classname="testcases.dispensary_testcase" name="fillAllTheTextfields" time="1.594"/>
  <testcase classname="testcases.dispensary_testcase" name="validateTheConfirmMessage" time="1.222"/>
</testsuite> <!-- testcases.dispensary_testcase -->
